Started by user [8mha:////4H8fZi4xgCcoz4MUwlkC+M9QVHYqvC8YGwJgLLNhfFWEAAAAlx+LCAAAAAAAAP9b85aBtbiIQTGjNKU4P08vOT+vOD8nVc83PyU1x6OyILUoJzMv2y+/JJUBAhiZGBgqihhk0NSjKDWzXb3RdlLBUSYGJk8GtpzUvPSSDB8G5tKinBIGIZ+sxLJE/ZzEvHT94JKizLx0a6BxUmjGOUNodHsLgAzWEgZu/dLi1CL9xJTczDwAj6GcLcAAAAA=[0mNazar
Running as SYSTEM
Building in workspace /var/jenkins_home/workspace/Job1
[Job1] $ /bin/sh -xe /tmp/jenkins9681342617591001472.sh
+ docker compose -f /app/docker-compose.yml up --build tests1
time="2025-05-01T13:01:05Z" level=warning msg="/app/docker-compose.yml: the attribute `version` is obsolete, it will be ignored, please remove it to avoid potential confusion"
Compose can now delegate builds to bake for better performance.
 To do so, set COMPOSE_BAKE=true.
#0 building with "default" instance using docker driver

#1 [tests1 internal] load build definition from Dockerfile
#1 transferring dockerfile: 142B 0.0s done
#1 DONE 0.0s

#2 [tests1 internal] load metadata for docker.io/library/maven:3.9.6-eclipse-temurin-17-alpine
#2 DONE 0.5s

#3 [tests1 internal] load .dockerignore
#3 transferring context: 75B 0.0s done
#3 DONE 0.0s

#4 [tests1 1/3] FROM docker.io/library/maven:3.9.6-eclipse-temurin-17-alpine@sha256:ffddac7b04101358048f872fba9d978b2a1f9647955d158c1e565233cb95577d
#4 resolve docker.io/library/maven:3.9.6-eclipse-temurin-17-alpine@sha256:ffddac7b04101358048f872fba9d978b2a1f9647955d158c1e565233cb95577d 0.0s done
#4 DONE 0.0s

#5 [tests1 internal] load build context
#5 transferring context: 1.51MB 5.1s
#5 transferring context: 1.71MB 10.1s
#5 transferring context: 4.30MB 15.2s
#5 transferring context: 4.33MB 17.0s done
#5 DONE 17.0s

#6 [tests1 2/3] WORKDIR /app
#6 CACHED

#7 [tests1 3/3] COPY . /app
#7 DONE 1.3s

#8 [tests1] exporting to image
#8 exporting layers
#8 exporting layers 6.8s done
#8 CANCELED

Build was aborted
Aborted by [8mha:////4H8fZi4xgCcoz4MUwlkC+M9QVHYqvC8YGwJgLLNhfFWEAAAAlx+LCAAAAAAAAP9b85aBtbiIQTGjNKU4P08vOT+vOD8nVc83PyU1x6OyILUoJzMv2y+/JJUBAhiZGBgqihhk0NSjKDWzXb3RdlLBUSYGJk8GtpzUvPSSDB8G5tKinBIGIZ+sxLJE/ZzEvHT94JKizLx0a6BxUmjGOUNodHsLgAzWEgZu/dLi1CL9xJTczDwAj6GcLcAAAAA=[0mNazar
[Job1] $ /var/jenkins_home/tools/ru.yandex.qatools.allure.jenkins.tools.AllureCommandlineInstallation/allure/bin/allure generate -c -o /var/jenkins_home/workspace/Job1/allure-report
allure-results does not exist
Report successfully generated to /var/jenkins_home/workspace/Job1/allure-report
Allure report was successfully generated.
Creating artifact for the build.
Artifact was added to the build.
Recording test results
ERROR: Step â€˜Publish JUnit test result reportâ€™ aborted due to exception: 
org.xml.sax.SAXParseException; lineNumber: 1; columnNumber: 1; Content is not allowed in prolog.
	at java.xml/com.sun.org.apache.xerces.internal.util.ErrorHandlerWrapper.createSAXParseException(Unknown Source)
	at java.xml/com.sun.org.apache.xerces.internal.util.ErrorHandlerWrapper.fatalError(Unknown Source)
	at java.xml/com.sun.org.apache.xerces.internal.impl.XMLErrorReporter.reportError(Unknown Source)
	at java.xml/com.sun.org.apache.xerces.internal.impl.XMLErrorReporter.reportError(Unknown Source)
	at java.xml/com.sun.org.apache.xerces.internal.impl.XMLScanner.reportFatalError(Unknown Source)
	at java.xml/com.sun.org.apache.xerces.internal.impl.XMLDocumentScannerImpl$PrologDriver.next(Unknown Source)
	at java.xml/com.sun.org.apache.xerces.internal.impl.XMLDocumentScannerImpl.next(Unknown Source)
	at java.xml/com.sun.org.apache.xerces.internal.impl.XMLNSDocumentScannerImpl.next(Unknown Source)
	at java.xml/com.sun.org.apache.xerces.internal.impl.XMLDocumentFragmentScannerImpl.scanDocument(Unknown Source)
	at java.xml/com.sun.org.apache.xerces.internal.parsers.XML11Configuration.parse(Unknown Source)
	at java.xml/com.sun.org.apache.xerces.internal.parsers.XML11Configuration.parse(Unknown Source)
	at java.xml/com.sun.org.apache.xerces.internal.parsers.XMLParser.parse(Unknown Source)
	at java.xml/com.sun.org.apache.xerces.internal.parsers.AbstractSAXParser.parse(Unknown Source)
	at java.xml/com.sun.org.apache.xerces.internal.jaxp.SAXParserImpl$JAXPSAXParser.parse(Unknown Source)
	at org.dom4j.io.SAXReader.read(SAXReader.java:494)
Caused: org.dom4j.DocumentException: Error on line 1 of document  : Content is not allowed in prolog.
	at org.dom4j.io.SAXReader.read(SAXReader.java:511)
	at org.dom4j.io.SAXReader.read(SAXReader.java:392)
	at PluginClassLoader for junit//hudson.tasks.junit.SuiteResult.parse(SuiteResult.java:366)
	at PluginClassLoader for junit//hudson.tasks.junit.TestResult.parse(TestResult.java:604)
Caused: java.io.IOException: Failed to read /var/jenkins_home/workspace/Job1/allure-report/app.js
Is this really a JUnit report file? Your configuration must be matching too many files
	at PluginClassLoader for junit//hudson.tasks.junit.TestResult.parse(TestResult.java:618)
	at PluginClassLoader for junit//hudson.tasks.junit.TestResult.parsePossiblyEmpty(TestResult.java:518)
	at PluginClassLoader for junit//hudson.tasks.junit.TestResult.parse(TestResult.java:454)
	at PluginClassLoader for junit//hudson.tasks.junit.TestResult.parse(TestResult.java:436)
	at PluginClassLoader for junit//hudson.tasks.junit.TestResult.parse(TestResult.java:413)
	at PluginClassLoader for junit//hudson.tasks.junit.TestResult.<init>(TestResult.java:259)
	at PluginClassLoader for junit//hudson.tasks.junit.JUnitParser$ParseResultCallable.invoke(JUnitParser.java:238)
	at hudson.FilePath.act(FilePath.java:1213)
	at hudson.FilePath.act(FilePath.java:1196)
	at PluginClassLoader for junit//hudson.tasks.junit.JUnitParser.parseResult(JUnitParser.java:146)
	at PluginClassLoader for junit//hudson.tasks.junit.JUnitResultArchiver.parse(JUnitResultArchiver.java:177)
	at PluginClassLoader for junit//hudson.tasks.junit.JUnitResultArchiver.parseAndSummarize(JUnitResultArchiver.java:282)
	at PluginClassLoader for junit//hudson.tasks.junit.JUnitResultArchiver.perform(JUnitResultArchiver.java:194)
	at jenkins.tasks.SimpleBuildStep.perform(SimpleBuildStep.java:123)
	at hudson.tasks.BuildStepCompatibilityLayer.perform(BuildStepCompatibilityLayer.java:80)
	at hudson.tasks.BuildStepMonitor$1.perform(BuildStepMonitor.java:20)
	at hudson.model.AbstractBuild$AbstractBuildExecution.perform(AbstractBuild.java:818)
	at hudson.model.AbstractBuild$AbstractBuildExecution.performAllBuildSteps(AbstractBuild.java:767)
	at hudson.model.Build$BuildExecution.post2(Build.java:179)
	at hudson.model.AbstractBuild$AbstractBuildExecution.post(AbstractBuild.java:711)
	at hudson.model.Run.execute(Run.java:1856)
	at hudson.model.FreeStyleBuild.run(FreeStyleBuild.java:44)
	at hudson.model.ResourceController.execute(ResourceController.java:101)
	at hudson.model.Executor.run(Executor.java:446)
Finished: ABORTED
